<?xml version="1.0" encoding="UTF-8"?>
<!-- Generated by org.testng.reporters.JUnitXMLReporter -->
<testsuite ignored="0" hostname="LAPTOP-5OHLK4IV" failures="0" tests="3" name="Default test" time="2.647" errors="0" timestamp="2023-10-13T02:20:21 IST">
  <testcase classname="com.simplilearndemo.qa.TestHomepages.Homepagetest" name="titleTest" time="0.023"/>
  <testcase classname="com.simplilearndemo.qa.TestHomepages.Homepagetest" name="isAllCoursesTest" time="2.111"/>
  <testcase classname="com.simplilearndemo.qa.TestHomepages.Homepagetest" name="getAllCourses" time="0.436"/>
</testsuite> <!-- Default test -->
