<?xml version="1.0" encoding="UTF-8"?>
<testng-results ignored="0" total="3" passed="3" failed="0" skipped="0">
  <reporter-output>
  </reporter-output>
  <suite started-at="2023-10-13T02:20:18 IST" name="Default suite" finished-at="2023-10-13T02:20:21 IST" duration-ms="2647">
    <groups>
    </groups>
    <test started-at="2023-10-13T02:20:18 IST" name="Default test" finished-at="2023-10-13T02:20:21 IST" duration-ms="2647">
      <class name="com.simplilearndemo.qa.TestHomepages.Homepagetest">
        <test-method is-config="true" signature="openBrowser()[pri:0, instance:com.simplilearndemo.qa.TestHomepages.Homepagetest@33065d67]" started-at="2023-10-13T02:20:11 IST" name="openBrowser" finished-at="2023-10-13T02:20:18 IST" duration-ms="6589" status="PASS">
          <reporter-output>
          </reporter-output>
        </test-method> <!-- openBrowser -->
        <test-method signature="titleTest()[pri:49, instance:com.simplilearndemo.qa.TestHomepages.Homepagetest@33065d67]" started-at="2023-10-13T02:20:18 IST" name="titleTest" finished-at="2023-10-13T02:20:18 IST" duration-ms="23" status="PASS">
          <reporter-output>
          </reporter-output>
        </test-method> <!-- titleTest -->
        <test-method signature="isAllCoursesTest()[pri:50, instance:com.simplilearndemo.qa.TestHomepages.Homepagetest@33065d67]" started-at="2023-10-13T02:20:18 IST" name="isAllCoursesTest" finished-at="2023-10-13T02:20:20 IST" duration-ms="2111" status="PASS">
          <reporter-output>
          </reporter-output>
        </test-method> <!-- isAllCoursesTest -->
        <test-method signature="getAllCourses()[pri:51, instance:com.simplilearndemo.qa.TestHomepages.Homepagetest@33065d67]" started-at="2023-10-13T02:20:20 IST" name="getAllCourses" finished-at="2023-10-13T02:20:21 IST" duration-ms="436" status="PASS">
          <reporter-output>
          </reporter-output>
        </test-method> <!-- getAllCourses -->
      </class> <!-- com.simplilearndemo.qa.TestHomepages.Homepagetest -->
    </test> <!-- Default test -->
  </suite> <!-- Default suite -->
</testng-results>
